2021-09-26 20:40:11-warn: [Window] getaddrinfo ENOTFOUND creator-api.cocos.com
2021-09-26 20:41:55-log: [Package] menu@1.0.0 enable
2021-09-26 20:41:55-log: [Package] profile@1.0.0 enable
2021-09-26 20:41:55-log: [Package] messages@1.0.0 enable
2021-09-26 20:41:55-log: [Package] program@1.0.0 enable
2021-09-26 20:41:55-log: [Package] device@1.0.1 enable
2021-09-26 20:41:55-log: [Package] ui-kit@1.0.1 enable
2021-09-26 20:41:55-log: [Package] tester@1.0.0 enable
2021-09-26 20:41:55-log: [Package] preferences@1.0.0 enable
2021-09-26 20:41:57-log: Setup mods mgr.: 587.091ms
2021-09-26 20:41:57-log: [Package] engine@1.0.5 enable
2021-09-26 20:43:04-log: [Package] programming@1.0.0 enable
2021-09-26 20:43:07-log: [Package] asset-db@1.0.0 enable
2021-09-26 20:43:07-log: [Package] console@1.0.0 enable
2021-09-26 20:43:08-log: [Package] scene@1.0.0 enable
2021-09-26 20:43:09-log: [Package] project@1.0.1 enable
2021-09-26 20:43:09-log: [Package] about@1.0.0 enable
2021-09-26 20:43:17-log: [Package] server@1.0.0 enable
2021-09-26 20:43:18-log: [Package] utils@1.0.0 enable
2021-09-26 20:43:44-log: [Package] builder@1.2.8 enable
2021-09-26 20:43:45-log: [Package] node-library@1.0.0 enable
2021-09-26 20:43:45-log: [Package] shortcuts@1.0.1 enable
2021-09-26 20:43:46-log: [Package] importer@1.0.0 enable
2021-09-26 20:43:46-log: [Package] package-asset@1.0.0 enable
2021-09-26 20:43:46-log: [Package] reference-image@1.0.0 enable
2021-09-26 20:43:46-log: [Package] channel-upload-tools@1.0.0 enable
2021-09-26 20:43:46-log: [Package] runtime-dev-tools@1.0.0 enable
2021-09-26 20:43:46-log: [Package] alipay-mini-game@1.0.0 enable
2021-09-26 20:43:47-log: [Package] android@1.0.0 enable
2021-09-26 20:43:47-log: [Package] baidu-mini-game@1.0.0 enable
2021-09-26 20:43:47-log: [Package] bytedance-mini-game@1.0.0 enable
2021-09-26 20:43:47-log: [Package] huawei-agc@1.0.0 enable
2021-09-26 20:43:47-log: [Package] ios@1.0.0 enable
2021-09-26 20:43:47-log: [Package] ios-app-clip@1.0.0 enable
2021-09-26 20:43:47-log: [Package] mac@1.0.0 enable
2021-09-26 20:43:51-log: [Package] native@1.0.0 enable
2021-09-26 20:43:51-log: [Package] ohos@1.0.0 enable
2021-09-26 20:43:51-log: [Package] web-desktop@1.0.0 enable
2021-09-26 20:43:51-log: [Package] web-mobile@1.0.0 enable
2021-09-26 20:43:51-log: [Package] wechatgame@1.0.0 enable
2021-09-26 20:43:51-log: [Package] windows@1.0.0 enable
2021-09-26 20:43:51-log: [Package] xiaomi-quick-game@1.0.0 enable
2021-09-26 20:43:52-log: [Package] cocos-play@1.0.0 enable
2021-09-26 20:43:52-log: [Package] huawei-quick-game@1.0.0 enable
2021-09-26 20:43:52-log: [Package] link-sure@1.0.0 enable
2021-09-26 20:43:52-log: [Package] oppo-mini-game@1.0.0 enable
2021-09-26 20:43:52-log: [Package] qtt@1.0.0 enable
2021-09-26 20:43:52-log: [Package] vivo-mini-game@1.0.0 enable
2021-09-26 20:44:00-log: [Package] cocos-service@3.0.1 enable
2021-09-26 20:44:09-log: [Package] extension@3.0.8 enable
2021-09-26 20:44:13-log: [Package] im-plugin@3.0.6 enable
2021-09-26 20:44:13-log: [Package] lightmap@1.0.3 enable
2021-09-26 20:45:05-warn: Browserslist: caniuse-lite is outdated. Please run:
npx browserslist@latest --update-db

Why you should do it regularly:
https://github.com/browserslist/browserslist#browsers-data-updating
2021-09-26 20:45:09-log: [Scene] begin init
2021-09-26 20:45:09-log: [Scene] require engine end
2021-09-26 20:45:09-log: [Scene] Serialize end
2021-09-26 20:45:09-log: [Scene] configureStartup end
2021-09-26 20:45:11-info: [Scene] WebGL2 device initialized.
2021-09-26 20:45:13-log: [Scene] Cocos Creator v3.3.0
2021-09-26 20:45:15-info: [Scene] Forward render pipeline initialized.
2021-09-26 20:45:17-log: [Scene] openEngine end
2021-09-26 20:45:17-log: [Scene] configureEngine end
2021-09-26 20:53:46-warn: [Window] Sender does not exist: 18576
2021-09-26 20:53:56-warn: [Build] Browserslist: caniuse-lite is outdated. Please run:
npx browserslist@latest --update-db
2021-09-26 20:53:58-warn: [Build] Browserslist: caniuse-lite is outdated. Please run:
npx browserslist@latest --update-db

Why you should do it regularly:
https://github.com/browserslist/browserslist#browsers-data-updating
2021-09-27 10:48:10-warn: [Build] Browserslist: caniuse-lite is outdated. Please run:
npx browserslist@latest --update-db
2021-09-27 10:48:11-warn: [Build] Browserslist: caniuse-lite is outdated. Please run:
npx browserslist@latest --update-db

Why you should do it regularly:
https://github.com/browserslist/browserslist#browsers-data-updating
